<?xml version="1.0" encoding="UTF-8"?>
<!-- Generated by org.testng.reporters.JUnitXMLReporter -->
<testsuite hostname="GSO05201605" ignored="0" name="Default test" tests="3" failures="0" timestamp="02 Nov 2018 21:08:37 GMT" time="14.26" errors="0">
  <testcase name="newWindowChrome" time="2.913" classname="com.test.WindowTest"/>
  <testcase name="newWindowFirefox" time="7.547" classname="com.test.WindowTest"/>
  <testcase name="loginChrome" time="2.677" classname="com.test.LoginTest"/>
</testsuite> <!-- Default test -->
