<?xml version="1.0" encoding="UTF-8"?>
<testng-results skipped="0" failed="0" ignored="0" total="1" passed="1">
  <reporter-output>
  </reporter-output>
  <suite name="Default suite" duration-ms="5706" started-at="2018-11-01T14:48:44Z" finished-at="2018-11-01T14:48:49Z">
    <groups>
    </groups>
    <test name="Default test" duration-ms="5706" started-at="2018-11-01T14:48:44Z" finished-at="2018-11-01T14:48:49Z">
      <class name="com.test.WindowTest">
        <test-method status="PASS" signature="f()[pri:0, instance:com.test.WindowTest@4b9e13df]" name="f" duration-ms="5682" started-at="2018-11-01T14:48:44Z" finished-at="2018-11-01T14:48:49Z">
          <reporter-output>
          </reporter-output>
        </test-method> <!-- f -->
      </class> <!-- com.test.WindowTest -->
    </test> <!-- Default test -->
  </suite> <!-- Default suite -->
</testng-results>
