<?xml version="1.0" encoding="UTF-8"?>
<testng-results ignored="0" total="1" passed="1" failed="0" skipped="0">
  <reporter-output>
  </reporter-output>
  <suite started-at="2018-11-01T15:03:32Z" name="Default suite" finished-at="2018-11-01T15:03:42Z" duration-ms="10114">
    <groups>
    </groups>
    <test started-at="2018-11-01T15:03:32Z" name="Default test" finished-at="2018-11-01T15:03:42Z" duration-ms="10114">
      <class name="com.test.WindowTest">
        <test-method signature="f()[pri:0, instance:com.test.WindowTest@1fa268de]" started-at="2018-11-01T15:03:32Z" name="f" finished-at="2018-11-01T15:03:42Z" duration-ms="10083" status="PASS">
          <reporter-output>
          </reporter-output>
        </test-method> <!-- f -->
      </class> <!-- com.test.WindowTest -->
    </test> <!-- Default test -->
  </suite> <!-- Default suite -->
</testng-results>
