<?xml version="1.0" encoding="UTF-8"?>
<testng-results skipped="0" failed="0" ignored="0" total="3" passed="3">
  <reporter-output>
  </reporter-output>
  <suite name="Default suite" duration-ms="14260" started-at="2018-11-02T21:08:23Z" finished-at="2018-11-02T21:08:37Z">
    <groups>
    </groups>
    <test name="Default test" duration-ms="14260" started-at="2018-11-02T21:08:23Z" finished-at="2018-11-02T21:08:37Z">
      <class name="com.test.WindowTest">
        <test-method status="PASS" signature="newWindowChrome()[pri:0, instance:com.test.WindowTest@29774679]" name="newWindowChrome" duration-ms="2913" started-at="2018-11-02T21:08:23Z" finished-at="2018-11-02T21:08:26Z">
          <reporter-output>
          </reporter-output>
        </test-method> <!-- newWindowChrome -->
        <test-method status="PASS" signature="tearDown()[pri:0, instance:com.test.WindowTest@29774679]" name="tearDown" is-config="true" duration-ms="58" started-at="2018-11-02T21:08:26Z" finished-at="2018-11-02T21:08:26Z">
          <reporter-output>
          </reporter-output>
        </test-method> <!-- tearDown -->
        <test-method status="PASS" signature="newWindowFirefox()[pri:0, instance:com.test.WindowTest@29774679]" name="newWindowFirefox" duration-ms="7547" started-at="2018-11-02T21:08:26Z" finished-at="2018-11-02T21:08:34Z">
          <reporter-output>
          </reporter-output>
        </test-method> <!-- newWindowFirefox -->
        <test-method status="PASS" signature="tearDown()[pri:0, instance:com.test.WindowTest@29774679]" name="tearDown" is-config="true" duration-ms="970" started-at="2018-11-02T21:08:34Z" finished-at="2018-11-02T21:08:35Z">
          <reporter-output>
          </reporter-output>
        </test-method> <!-- tearDown -->
      </class> <!-- com.test.WindowTest -->
      <class name="com.test.LoginTest">
        <test-method status="PASS" signature="loginChrome()[pri:0, instance:com.test.LoginTest@3ffc5af1]" name="loginChrome" duration-ms="2677" started-at="2018-11-02T21:08:35Z" finished-at="2018-11-02T21:08:37Z">
          <reporter-output>
          </reporter-output>
        </test-method> <!-- loginChrome -->
        <test-method status="PASS" signature="tearDown()[pri:0, instance:com.test.LoginTest@3ffc5af1]" name="tearDown" is-config="true" duration-ms="67" started-at="2018-11-02T21:08:37Z" finished-at="2018-11-02T21:08:37Z">
          <reporter-output>
          </reporter-output>
        </test-method> <!-- tearDown -->
      </class> <!-- com.test.LoginTest -->
    </test> <!-- Default test -->
  </suite> <!-- Default suite -->
</testng-results>
