<?xml version="1.0" encoding="UTF-8"?>
<testng-results skipped="0" failed="0" ignored="0" total="1" passed="1">
  <reporter-output>
  </reporter-output>
  <suite name="Default suite" duration-ms="6292" started-at="2018-11-01T16:29:50Z" finished-at="2018-11-01T16:29:56Z">
    <groups>
    </groups>
    <test name="Default test" duration-ms="6292" started-at="2018-11-01T16:29:50Z" finished-at="2018-11-01T16:29:56Z">
      <class name="com.test.WindowTest">
        <test-method status="PASS" signature="f()[pri:0, instance:com.test.WindowTest@4b9e13df]" name="f" duration-ms="6266" started-at="2018-11-01T16:29:50Z" finished-at="2018-11-01T16:29:56Z">
          <reporter-output>
          </reporter-output>
        </test-method> <!-- f -->
      </class> <!-- com.test.WindowTest -->
    </test> <!-- Default test -->
  </suite> <!-- Default suite -->
</testng-results>
